User Activity Logs
2025-09-15 16:19:19.375591: USER: ugochukwu || STATUS: SUCCESSFUL LOGIN
2025-09-15 16:23:04.003737: USER: ugochukwu || ACTION: added New User: -> fave
2025-09-15 16:23:46.761612: USER: fave || STATUS: ⚠ FAILED LOGIN, INCORRECT PASSWORD
2025-09-15 16:24:06.579012: USER: fave || STATUS: ⚠ FAILED LOGIN, INCORRECT PASSWORD
2025-09-15 16:24:17.717044: USER: fave || STATUS: ⚠ FAILED LOGIN, INCORRECT PASSWORD
2025-09-15 16:24:19.724313: USER: fave || STATUS: ACCOUNT LOCKED DUE TO MULTIPLE FAILED LOGIN ATTEMPTS
2025-09-15 16:59:07.272089: USER: fave || STATUS: ⚠ FAILED LOGIN, INCORRECT PASSWORD
2025-09-15 16:59:18.552673: USER: fave || STATUS: ⚠ FAILED LOGIN, INCORRECT PASSWORD
2025-09-15 16:59:41.527154: USER: fave || STATUS: ⚠ FAILED LOGIN, INCORRECT PASSWORD
2025-09-15 16:59:43.536944: USER: fave || STATUS: ACCOUNT LOCKED DUE TO MULTIPLE FAILED LOGIN ATTEMPTS
2025-09-15 17:01:10.214321: USER: ugochukwu || STATUS: SUCCESSFUL LOGIN
2025-09-15 17:02:14.255650: USER: fave || STATUS: SUCCESSFUL LOGIN
2025-09-15 17:26:47.412919: USER: fave || STATUS: ⚠ FAILED LOGIN, INCORRECT PASSWORD
2025-09-15 17:26:54.653775: USER: fave || STATUS: ⚠ FAILED LOGIN, INCORRECT PASSWORD
2025-09-15 17:27:02.778458: USER: fave || STATUS: ⚠ FAILED LOGIN, INCORRECT PASSWORD
2025-09-15 17:27:11.080221: USER: fave || STATUS: ⚠ FAILED LOGIN, INCORRECT PASSWORD
2025-09-15 17:27:41.995023: USER: fave || STATUS: ⚠ FAILED LOGIN, INCORRECT PASSWORD
2025-09-15 17:27:51.644156: USER: fave || STATUS: ⚠ FAILED LOGIN, INCORRECT PASSWORD
2025-09-15 17:27:57.829121: USER: fave || STATUS: ⚠ FAILED LOGIN, INCORRECT PASSWORD
2025-09-15 17:28:04.760582: USER: fave || STATUS: ⚠ FAILED LOGIN, INCORRECT PASSWORD
2025-09-15 17:32:04.753186: USER: fave || STATUS: ⚠ FAILED LOGIN, INCORRECT PASSWORD
2025-09-15 17:32:10.517402: USER: fave || STATUS: ⚠ FAILED LOGIN, INCORRECT PASSWORD
2025-09-15 17:32:16.633121: USER: fave || STATUS: ⚠ FAILED LOGIN, INCORRECT PASSWORD
2025-09-15 17:32:25.802443: USER: fave || STATUS: ⚠ FAILED LOGIN, INCORRECT PASSWORD
2025-09-15 17:33:51.528653: USER: fave || STATUS: ⚠ FAILED LOGIN, INCORRECT PASSWORD
2025-09-15 17:33:55.999153: USER: fave || STATUS: ⚠ FAILED LOGIN, INCORRECT PASSWORD
2025-09-15 17:34:01.614318: USER: fave || STATUS: ⚠ FAILED LOGIN, INCORRECT PASSWORD
2025-09-15 17:38:57.346662: USER: fave || STATUS: ⚠ FAILED LOGIN, INCORRECT PASSWORD
2025-09-15 17:39:01.720556: USER: fave || STATUS: ⚠ FAILED LOGIN, INCORRECT PASSWORD
2025-09-15 17:39:07.583227: USER: fave || STATUS: ⚠ FAILED LOGIN, INCORRECT PASSWORD
2025-09-15 17:39:14.934469: USER: fave || STATUS: ⚠ FAILED LOGIN, INCORRECT PASSWORD
2025-09-15 17:40:10.479022: USER: fave || STATUS: ⚠ FAILED LOGIN, INCORRECT PASSWORD
2025-09-15 17:40:17.166001: USER: fave || STATUS: ⚠ FAILED LOGIN, INCORRECT PASSWORD
2025-09-15 17:49:11.923970: USER: fave || STATUS: ⚠ FAILED LOGIN, INCORRECT PASSWORD
2025-09-15 17:49:17.994118: USER: fave || STATUS: ⚠ FAILED LOGIN, INCORRECT PASSWORD
2025-09-15 17:49:23.285117: USER: fave || STATUS: ⚠ FAILED LOGIN, INCORRECT PASSWORD
2025-09-15 17:49:31.442155: USER: fave || STATUS: ⚠ FAILED LOGIN, INCORRECT PASSWORD
2025-09-15 17:51:00.302354: USER: fave || STATUS: ⚠ FAILED LOGIN, INCORRECT PASSWORD
2025-09-15 17:51:07.058081: USER: fave || STATUS: ⚠ FAILED LOGIN, INCORRECT PASSWORD
2025-09-15 17:51:13.200649: USER: fave || STATUS: ⚠ FAILED LOGIN, INCORRECT PASSWORD
2025-09-15 17:51:22.731269: USER: fave || STATUS: ⚠ FAILED LOGIN, INCORRECT PASSWORD
2025-09-15 17:53:33.157148: USER: fave || STATUS: ⚠ FAILED LOGIN, INCORRECT PASSWORD
2025-09-15 17:53:39.737193: USER: fave || STATUS: ⚠ FAILED LOGIN, INCORRECT PASSWORD
2025-09-15 17:53:44.926449: USER: fave || STATUS: ⚠ FAILED LOGIN, INCORRECT PASSWORD
2025-09-15 17:55:34.250336: USER: fave || STATUS: ⚠ FAILED LOGIN, INCORRECT PASSWORD
2025-09-15 17:55:42.091932: USER: fave || STATUS: ⚠ FAILED LOGIN, INCORRECT PASSWORD
2025-09-15 17:55:44.101288: USER: fave || STATUS: ACCOUNT LOCKED DUE TO MULTIPLE FAILED LOGIN ATTEMPTS
2025-09-15 17:56:58.477394: USER: ugochukwu || STATUS: SUCCESSFUL LOGIN
2025-09-15 17:58:18.121209: USER: fave || STATUS: ⚠ FAILED LOGIN, INCORRECT PASSWORD
2025-09-15 17:58:25.951322: USER: fave || STATUS: ⚠ FAILED LOGIN, INCORRECT PASSWORD
2025-09-15 17:58:44.450655: USER: fave || STATUS: SUCCESSFUL LOGIN
2025-09-15 17:58:50.207461: USER: fave || STATUS: LOGGED OUT
2025-09-15 17:59:19.642557: USER: fave || STATUS: ⚠ FAILED LOGIN, INCORRECT PASSWORD
2025-09-15 17:59:29.533529: USER: fave || STATUS: ⚠ FAILED LOGIN, INCORRECT PASSWORD
2025-09-15 17:59:46.633516: USER: fave || STATUS: ⚠ FAILED LOGIN, INCORRECT PASSWORD
2025-09-15 17:59:48.643702: USER: fave || STATUS: ACCOUNT LOCKED DUE TO MULTIPLE FAILED LOGIN ATTEMPTS
2025-09-15 18:00:02.724852: USER: ugochukwu || STATUS: ⚠ FAILED LOGGING ATTEMPT, INVALID 2FA CODE
2025-09-15 18:00:18.451961: USER: ugochukwu || STATUS: ⚠ FAILED LOGGING ATTEMPT, INVALID 2FA CODE
2025-09-15 18:00:37.342155: USER: ugochukwu || STATUS: SUCCESSFUL LOGIN
2025-09-15 18:02:11.891344: USER: fave || STATUS: ⚠ FAILED LOGIN, INCORRECT PASSWORD
2025-09-15 18:02:26.398567: USER: ugochukwu || STATUS: SUCCESSFUL LOGIN
2025-09-15 18:02:29.834604: USER: fave || STATUS: ⚠ FAILED LOGIN, INCORRECT PASSWORD
2025-09-15 18:02:35.275077: USER: fave || STATUS: ⚠ FAILED LOGIN, INCORRECT PASSWORD
2025-09-15 18:02:37.284462: USER: fave || STATUS: ACCOUNT LOCKED DUE TO MULTIPLE FAILED LOGIN ATTEMPTS
2025-09-15 18:03:10.672927: USER: ugochukwu || STATUS: SUCCESSFUL LOGIN
2025-09-15 18:08:12.970144: USER: ugochukwu || STATUS: SUCCESSFUL LOGIN
2025-09-15 18:09:16.058684: USER: ugochukwu || STATUS: SUCCESSFUL LOGIN
2025-09-15 18:13:21.451151: USER: fave || STATUS: ⚠ FAILED LOGIN, INCORRECT PASSWORD
2025-09-15 18:13:26.761170: USER: fave || STATUS: ⚠ FAILED LOGIN, INCORRECT PASSWORD
2025-09-15 18:13:46.893232: USER: fave || STATUS: ⚠ FAILED LOGIN, INCORRECT PASSWORD
2025-09-15 18:13:48.903515: USER: fave || STATUS: ACCOUNT LOCKED DUE TO MULTIPLE FAILED LOGIN ATTEMPTS
2025-09-15 18:13:56.572270: USER: ugochukwu || STATUS: SUCCESSFUL LOGIN
2025-09-15 18:25:39.373081: USER: fave || STATUS: ⚠ FAILED LOGIN, INCORRECT PASSWORD
2025-09-15 18:28:32.857450: USER: fave || STATUS: ⚠ FAILED LOGIN, INCORRECT PASSWORD
2025-09-15 18:28:39.038253: USER: fave || STATUS: ⚠ FAILED LOGIN, INCORRECT PASSWORD
2025-09-15 18:28:52.646806: USER: fave || STATUS: ⚠ FAILED LOGIN, INCORRECT PASSWORD
2025-09-15 18:28:54.684442: USER: fave || STATUS: ACCOUNT LOCKED DUE TO MULTIPLE FAILED LOGIN ATTEMPTS
2025-09-15 18:29:10.899408: USER: ugochukwu || STATUS: SUCCESSFUL LOGIN
2025-09-15 18:57:36.211152: USER: fave || STATUS: ⚠ FAILED LOGIN, INCORRECT PASSWORD
2025-09-15 18:57:41.412310: USER: fave || STATUS: ⚠ FAILED LOGIN, INCORRECT PASSWORD
2025-09-15 18:57:46.074571: USER: fave || STATUS: ⚠ FAILED LOGIN, INCORRECT PASSWORD
2025-09-15 18:57:48.086330: USER: fave || STATUS: ACCOUNT LOCKED DUE TO MULTIPLE FAILED LOGIN ATTEMPTS
2025-09-15 18:58:15.394630: USER: ugochukwu || STATUS: SUCCESSFUL LOGIN
2025-09-15 19:04:14.893094: USER: fave || STATUS: ⚠ FAILED LOGIN, INCORRECT PASSWORD
2025-09-15 19:04:19.415509: USER: fave || STATUS: ⚠ FAILED LOGIN, INCORRECT PASSWORD
2025-09-15 19:04:23.727636: USER: fave || STATUS: ⚠ FAILED LOGIN, INCORRECT PASSWORD
2025-09-15 19:04:34.157725: USER: fave || STATUS: ⚠ FAILED LOGIN, INCORRECT PASSWORD
2025-09-15 19:05:17.640649: USER: fave || STATUS: ⚠ FAILED LOGIN, INCORRECT PASSWORD
2025-09-15 19:05:22.500770: USER: fave || STATUS: ⚠ FAILED LOGIN, INCORRECT PASSWORD
2025-09-15 19:05:27.066954: USER: fave || STATUS: ⚠ FAILED LOGIN, INCORRECT PASSWORD
2025-09-15 19:05:29.072720: USER: fave || STATUS: ACCOUNT LOCKED DUE TO MULTIPLE FAILED LOGIN ATTEMPTS
2025-09-15 19:05:47.809300: USER: ugochukwu || STATUS: SUCCESSFUL LOGIN
2025-09-15 19:06:20.270729: USER: ugochukwu || STATUS: SUCCESSFUL LOGIN
2025-09-15 19:11:38.598149: USER: fave || STATUS: ⚠ FAILED LOGIN, INCORRECT PASSWORD
2025-09-15 19:11:43.639610: USER: fave || STATUS: ⚠ FAILED LOGIN, INCORRECT PASSWORD
2025-09-15 19:11:56.239876: USER: fave || STATUS: ⚠ FAILED LOGIN, INCORRECT PASSWORD
2025-09-15 19:11:58.244789: USER: fave || STATUS: ACCOUNT LOCKED DUE TO MULTIPLE FAILED LOGIN ATTEMPTS
2025-09-15 19:12:18.161193: USER: ugochukwu || STATUS: SUCCESSFUL LOGIN
2025-09-15 19:48:10.344900: USER: fave || STATUS: ⚠ FAILED LOGIN, INCORRECT PASSWORD
2025-09-15 19:48:14.308900: USER: fave || STATUS: ⚠ FAILED LOGIN, INCORRECT PASSWORD
2025-09-15 19:48:30.574598: USER: fave || STATUS: ⚠ FAILED LOGIN, INCORRECT PASSWORD
2025-09-15 19:48:32.586302: USER: fave || STATUS: ACCOUNT LOCKED DUE TO MULTIPLE FAILED LOGIN ATTEMPTS
2025-09-15 19:48:44.066022: USER: ugochukwu || STATUS: SUCCESSFUL LOGIN
2025-09-15 19:49:56.193818: USER: ugochukwu || STATUS: SUCCESSFUL LOGIN
2025-09-15 20:04:55.453052: USER: fave || STATUS: ⚠ FAILED LOGIN, INCORRECT PASSWORD
2025-09-15 20:04:59.686375: USER: fave || STATUS: ⚠ FAILED LOGIN, INCORRECT PASSWORD
2025-09-15 20:05:29.206961: USER: fave || STATUS: ⚠ FAILED LOGIN, INCORRECT PASSWORD
2025-09-15 20:05:31.211336: USER: fave || STATUS: ACCOUNT LOCKED DUE TO MULTIPLE FAILED LOGIN ATTEMPTS
2025-09-15 20:05:50.120409: USER: ugochukwu || STATUS: SUCCESSFUL LOGIN
2025-09-15 20:07:51.047523: USER: ugochukwu || STATUS: SUCCESSFUL LOGIN
2025-09-15 20:14:37.350282: USER: fave || STATUS: ⚠ FAILED LOGIN, INCORRECT PASSWORD
2025-09-15 20:14:46.603657: USER: fave || STATUS: ⚠ FAILED LOGIN, INCORRECT PASSWORD
2025-09-15 20:14:55.611751: USER: fave || STATUS: ⚠ FAILED LOGIN, INCORRECT PASSWORD
2025-09-15 20:14:57.615278: USER: fave || STATUS: ACCOUNT LOCKED DUE TO MULTIPLE FAILED LOGIN ATTEMPTS
2025-09-15 20:15:22.549174: USER: ugochukwu || STATUS: SUCCESSFUL LOGIN
2025-09-15 20:16:08.976435: USER: ugochukwu || ACTION: UNLOCKED ACCOUNT: -> fave
2025-09-15 20:22:27.428857: USER: ugochukwu || STATUS: SUCCESSFUL LOGIN
2025-09-15 20:24:44.940419: USER: fave || STATUS: ⚠ FAILED LOGIN, INCORRECT PASSWORD
2025-09-15 20:24:54.366765: USER: fave || STATUS: ⚠ FAILED LOGIN, INCORRECT PASSWORD
2025-09-15 20:25:03.480604: USER: fave || STATUS: ⚠ FAILED LOGIN, INCORRECT PASSWORD
2025-09-15 20:25:12.966983: USER: fave || STATUS: ⚠ FAILED LOGIN, INCORRECT PASSWORD
2025-09-15 20:25:43.872033: USER: fave || STATUS: ⚠ FAILED LOGIN, INCORRECT PASSWORD
2025-09-15 20:25:50.773147: USER: fave || STATUS: ⚠ FAILED LOGIN, INCORRECT PASSWORD
2025-09-15 20:26:02.731728: USER: ugochukwu || STATUS: ⚠ FAILED LOGIN, INCORRECT PASSWORD
2025-09-15 20:26:15.481205: USER: fave || STATUS: ⚠ FAILED LOGIN, INCORRECT PASSWORD
2025-09-15 20:26:17.488884: USER: fave || STATUS: ACCOUNT LOCKED DUE TO MULTIPLE FAILED LOGIN ATTEMPTS
2025-09-15 20:26:42.642508: USER: ugochukwu || STATUS: SUCCESSFUL LOGIN
2025-09-15 20:27:12.577441: USER: ugochukwu || ACTION: UNLOCKED ACCOUNT: -> fave
2025-09-15 20:27:43.230834: USER: fave || STATUS: SUCCESSFUL LOGIN
2025-09-15 20:36:49.787376: USER: fave || STATUS: ⚠ FAILED LOGIN, INCORRECT PASSWORD
2025-09-15 20:36:59.753072: USER: fave || STATUS: ⚠ FAILED LOGIN, INCORRECT PASSWORD
2025-09-15 20:37:05.657562: USER: fave || STATUS: ⚠ FAILED LOGIN, INCORRECT PASSWORD
2025-09-15 20:37:07.663276: USER: fave || STATUS: ACCOUNT LOCKED DUE TO MULTIPLE FAILED LOGIN ATTEMPTS
2025-09-15 20:40:39.572443: USER: fave || STATUS: ⚠ FAILED LOGIN, INCORRECT PASSWORD
2025-09-15 20:41:12.284942: USER: fave || STATUS: SUCCESSFUL LOGIN
2025-09-15 20:46:55.185019: USER: fave || STATUS: ⚠ FAILED LOGIN, INCORRECT PASSWORD
2025-09-15 20:46:59.696175: USER: fave || STATUS: ⚠ FAILED LOGIN, INCORRECT PASSWORD
2025-09-15 20:47:04.060876: USER: fave || STATUS: ⚠ FAILED LOGIN, INCORRECT PASSWORD
2025-09-15 20:47:06.067859: USER: fave || STATUS: ACCOUNT LOCKED DUE TO MULTIPLE FAILED LOGIN ATTEMPTS
2025-09-15 20:47:23.093448: USER: ugochukwu || STATUS: ⚠ FAILED LOGIN, INCORRECT PASSWORD
2025-09-15 20:47:43.879964: USER: ugochukwu || STATUS: SUCCESSFUL LOGIN
2025-09-15 20:48:13.648006: USER: ugochukwu || ACTION: UNLOCKED ACCOUNT: -> fave
2025-09-15 20:48:58.774666: USER: fave || STATUS: SUCCESSFUL LOGIN
2025-09-15 20:49:16.459162: USER: fave || STATUS: LOGGED OUT
2025-09-15 20:49:23.458347: USER: ugochukwu || STATUS: LOGGED OUT
