User Activity Logs
2025-08-30 18:10:39.973505: USER: ugobest || STATUS: ⚠ FAILED LOGIN
2025-08-30 18:11:03.075556: USER: fave || STATUS: ⚠ FAILED LOGIN
2025-08-30 18:11:23.615308: USER: fave || STATUS: ⚠ FAILED LOGIN
2025-08-30 18:12:02.424994: USER: fave || STATUS: ⚠ FAILED LOGIN
2025-08-30 18:12:21.300265: USER: ugo || STATUS: ⚠ FAILED LOGIN - INVALID 2FA
2025-08-30 18:12:22.304325: USER: ugo || STATUS: ⚠ FAILED LOGIN
2025-08-30 18:22:35.955009: USER: fave || STATUS: ⚠ FAILED LOGIN
2025-08-30 18:22:51.346806: USER: fave || STATUS: ⚠ FAILED LOGIN
2025-08-30 18:23:17.928828: USER: ugo || STATUS: ⚠ FAILED LOGIN
2025-08-30 18:23:25.233956: USER: ugo || STATUS: ⚠ FAILED LOGIN - INVALID 2FA
2025-08-30 18:23:26.236922: USER: ugo || STATUS: ⚠ FAILED LOGIN
2025-08-30 18:25:18.989503: USER: fave || STATUS: ⚠ FAILED LOGIN
2025-08-30 18:45:28.873192: USER: ugo || STATUS: ⚠ FAILED LOGIN - INVALID 2FA
2025-08-30 18:45:29.875711: USER: ugo || STATUS: ⚠ FAILED LOGIN
2025-08-30 18:45:46.446121: USER: ugo || STATUS: ⚠ FAILED LOGIN - INVALID 2FA
2025-08-30 18:45:47.449592: USER: ugo || STATUS: ⚠ FAILED LOGIN
2025-08-30 18:56:49.916747: USER: ugo || STATUS: SUCCESSFUL LOGIN
2025-08-30 18:59:06.636285: USER: ugo || ACTION: added New User: -> fave
2025-08-30 18:59:34.958904: USER: ugo || STATUS: LOGGED OUT
2025-08-30 19:00:24.180430: USER: ugo || STATUS: SUCCESSFUL LOGIN
2025-08-30 19:06:06.390614: USER: ugo || STATUS: SUCCESSFUL LOGIN
2025-08-30 19:08:27.127591: USER: ugo || STATUS: LOGGED OUT
2025-08-30 19:14:16.193072: USER: ugo || STATUS: ⚠ FAILED LOGIN
2025-08-30 19:14:37.793874: USER: ugo || STATUS: SUCCESSFUL LOGIN
2025-08-30 19:15:33.567058: USER: ugo || ACTION: added New User: -> ugochukwu
2025-08-30 19:17:14.480767: USER: ugo || STATUS: LOGGED OUT
2025-08-30 19:17:28.249198: USER: ugo || STATUS: SUCCESSFUL LOGIN
2025-08-30 19:17:33.196487: USER: ugo || STATUS: LOGGED OUT
2025-08-30 19:18:10.238590: USER: ugochukwu || STATUS: SUCCESSFUL LOGIN
2025-08-30 19:34:09.572312: USER: ugo || STATUS: SUCCESSFUL LOGIN
2025-08-30 20:00:18.528627: USER: ugo || STATUS: SUCCESSFUL LOGIN
2025-08-30 20:01:37.215614: USER: ugo || STATUS: SUCCESSFUL LOGIN
2025-08-30 20:13:18.380659: USER: ugo || STATUS: ⚠ FAILED LOGIN - INVALID 2FA
2025-08-30 20:13:20.189364: USER: ugo || STATUS: ⚠ FAILED LOGIN
2025-08-30 20:15:26.866077: USER: ugo || STATUS: ⚠ FAILED LOGIN
2025-08-30 20:15:39.081739: USER: ugo || STATUS: ⚠ FAILED LOGIN - INVALID 2FA
2025-08-30 20:15:40.884726: USER: ugo || STATUS: ⚠ FAILED LOGIN
2025-08-30 20:16:41.608618: USER: ugo || STATUS: ⚠ FAILED LOGIN
2025-08-30 20:16:52.884602: USER: ugo || STATUS: ⚠ FAILED LOGIN - INVALID 2FA
2025-08-30 20:16:54.687319: USER: ugo || STATUS: ⚠ FAILED LOGIN
2025-08-30 20:18:42.763286: USER: ugo || STATUS: ⚠ FAILED LOGIN - INVALID 2FA
2025-08-30 20:20:55.651759: USER: ugo || STATUS: ⚠ FAILED LOGIN
2025-08-30 20:21:04.832054: USER: ugo || STATUS: ⚠ FAILED LOGIN - INVALID 2FA
2025-08-30 20:21:06.639435: USER: ugo || STATUS: ⚠ FAILED LOGIN
2025-08-30 20:36:58.174299: USER: ugo || STATUS: ⚠ FAILED LOGIN
2025-08-30 20:37:21.083208: USER: ugo || STATUS: ⚠ FAILED LOGGING ATTEMPT, INVALID 2FA
2025-08-30 20:42:26.561905: USER: ugo || STATUS: SUCCESSFUL LOGIN
2025-08-30 20:48:21.552648: USER: ugo || STATUS: ⚠ FAILED LOGIN
2025-08-30 20:54:21.705252: USER: ugochukwu || STATUS: ⚠ FAILED LOGIN, INCORRECT PASSWORD
2025-08-30 20:56:05.283584: USER: ugochukwu || STATUS: ⚠ FAILED LOGIN, INCORRECT PASSWORD
2025-08-30 20:56:30.444641: USER: ugochukwu || STATUS: ⚠ FAILED LOGIN, INCORRECT PASSWORD
2025-08-30 20:56:51.804936: USER: ugochukwu || STATUS: ⚠ FAILED LOGGING ATTEMPT, INVALID 2FA
2025-08-30 20:59:07.299316: USER: ugochukwu || STATUS: ⚠ FAILED LOGGING ATTEMPT, INVALID 2FA
2025-08-30 21:00:10.705217: USER: ugochukwu || STATUS: SUCCESSFUL LOGIN
2025-08-30 21:02:09.549636: USER: ugochukwu || STATUS: SUCCESSFUL LOGIN
2025-08-30 21:04:39.082660: USER: ugochukwu || STATUS: SUCCESSFUL LOGIN
2025-08-30 21:11:24.827322: USER: ugochukwu || STATUS: SUCCESSFUL LOGIN
2025-08-30 21:11:32.964944: USER: ugochukwu || STATUS: ACCESSED USER DATABASE:
2025-08-30 21:13:56.735823: USER: ugochukwu || STATUS: SUCCESSFUL LOGIN
2025-08-30 21:14:08.615323: USER: ugochukwu || STATUS: VIEWED AUDIT LOGS:
2025-08-30 21:15:29.154703: USER: ugochukwu || STATUS: SUCCESSFUL LOGIN
2025-08-30 21:15:56.971180: USER: ugochukwu || STATUS: VIEWED AUDIT LOGS:
