User Activity Logs
2025-08-28 12:35:41.472764: USER: ugo || STATUS: SUCCESSFUL LOGIN
2025-08-28 12:41:11.138653: USER: ugo || STATUS: SUCCESSFUL LOGIN
2025-08-28 12:43:47.834894: USER: ugo || STATUS: SUCCESSFUL LOGIN
2025-08-28 12:45:02.883973: USER: ugo || STATUS: ⚠ FAILED LOGIN
2025-08-28 12:45:16.483916: USER: ugo || STATUS: ⚠ FAILED LOGIN
2025-08-28 12:48:43.775457: USER: ada || STATUS: ⚠ FAILED LOGIN
2025-08-28 12:48:51.493103: USER: ugo || STATUS: SUCCESSFUL LOGIN
2025-08-28 12:49:12.151361: USER: ugo || ACTION: added New User: -> fave
2025-08-28 12:49:45.939715: USER: fave || STATUS: ⚠ FAILED LOGIN
2025-08-28 12:49:53.355310: USER: ugo || STATUS: SUCCESSFUL LOGIN
2025-08-28 12:50:15.265742: USER: ugo || ACTION: added New User: -> fave
2025-08-28 12:55:07.013953: USER: ugo || STATUS: SUCCESSFUL LOGIN
2025-08-28 12:55:23.253590: USER: ugo || ACTION: added New User: -> fave
2025-08-28 12:55:40.801907: USER: fave || STATUS: ⚠ FAILED LOGIN
2025-08-28 12:58:39.484961: USER: ugo || STATUS: ⚠ FAILED LOGIN
2025-08-28 12:59:00.122152: USER: ugo || STATUS: ⚠ FAILED LOGIN
2025-08-28 13:00:09.691237: USER: fave || STATUS: SUCCESSFUL LOGIN
2025-08-28 13:00:33.234237: USER: ugo || STATUS: ⚠ FAILED LOGIN
2025-08-28 13:01:17.045266: USER: ugo || STATUS: SUCCESSFUL LOGIN
2025-08-28 13:01:33.412482: USER: ugo || ACTION: added New User: -> fave
2025-08-28 13:04:34.334080: USER: ugo || STATUS: ⚠ FAILED LOGIN
2025-08-28 13:05:56.325508: USER: ugo || STATUS: SUCCESSFUL LOGIN
2025-08-28 13:06:11.757050: USER: ugo || ACTION: added New User: -> fave
2025-08-28 13:07:16.350742: USER: ugo || STATUS: SUCCESSFUL LOGIN
2025-08-28 13:07:30.358060: USER: ugo || ACTION: added New User: -> fave
2025-08-28 13:12:06.056481: USER: ugo || STATUS: ⚠ FAILED LOGIN
2025-08-28 13:19:16.455356: USER: ugo || STATUS: ⚠ FAILED LOGIN
2025-08-28 13:20:04.704578: USER: fave || STATUS: ⚠ FAILED LOGIN
2025-08-28 13:20:11.121348: USER: fave || STATUS: SUCCESSFUL LOGIN
2025-08-28 23:20:26.043618: USER: ugo || STATUS: FAILED LOGIN OUTSIDE WORK HOURS
